INFO  2015-06-09 15:22:39,736  5701ms AliPayController       info               - --------qqqqq----------
ERROR 2015-06-09 15:45:06,462  9531ms AliPayController       error              - --------6666----------
ERROR 2015-06-09 16:03:41,057 15031ms AliPayController       error              - --3--异步通知：无通知参数！
INFO  2015-06-09 16:48:15,145 14392ms AliPayController       info               - --------qqqqq----------
ERROR 2015-06-09 17:11:15,888 16496ms AliPayController       error              - --3--异步通知：收到！
ERROR 2015-06-09 17:11:16,465 17073ms AliPayController       error              - --3--异步通知：0
ERROR 2015-06-09 17:11:16,466 17074ms AliPayController       error              - --3--异步通知：无通知参数！
ERROR 2015-06-09 17:38:13,165 91951ms AliPayController       error              - --3--异步通知：收到！
ERROR 2015-06-09 17:40:19,634 40248ms AliPayController       error              - --3--异步通知：收到！
ERROR 2015-06-09 17:40:19,640 40254ms AliPayController       error              - --3--异步通知：收到！
ERROR 2015-06-09 17:40:25,060 45673ms AliPayController       error              - --3--异步通知：0
ERROR 2015-06-09 17:40:25,060 45673ms AliPayController       error              - --3--异步通知：无通知参数！
ERROR 2015-06-09 17:40:28,505 49118ms AliPayController       error              - --3--异步通知：0
ERROR 2015-06-09 17:40:28,506 49119ms AliPayController       error              - --3--异步通知：无通知参数！
ERROR 2015-06-09 20:06:50,402 27104ms AliPayController       error              - --3--异步通知：收到！
ERROR 2015-06-09 20:13:52,175  5958ms AliPayController       error              - --3--异步通知：收到！
ERROR 2015-06-09 20:20:02,660 11505ms AliPayController       error              - --3--异步通知：收到！
ERROR 2015-06-09 20:22:42,673  5954ms AliPayController       error              - --3--异步通知：收到！
ERROR 2015-06-09 20:27:32,011 11167ms AliPayController       error              - --3--异步通知：收到！
INFO  2015-06-09 22:36:15,858 24693ms AliPayController       info               - 1111
ERROR 2015-06-09 22:36:16,883 25718ms AliPayController       error              - 222222222
ERROR 2015-06-09 22:39:57,811  4490ms AliPayController       error              - 222222222
